[17-Sep-2018 16:30:47 UTC] PHP Fatal error:  Maximum execution time of 30 seconds exceeded in /Users/junaid/workspace/www/dmc-wp/wp-includes/Requests/Transport/cURL.php on line 162
[17-Sep-2018 16:32:40 UTC] PHP Fatal error:  Maximum execution time of 30 seconds exceeded in /Users/junaid/workspace/www/dmc-wp/wp-includes/Requests/Transport/cURL.php on line 162
[17-Sep-2018 16:37:00 UTC] PHP Notice:  Uninitialized string offset: 0 in /Users/junaid/workspace/www/dmc-wp/wp-content/themes/dialmycalls/single.php on line 32
[17-Sep-2018 16:37:00 UTC] PHP Notice:  Trying to get property of non-object in /Users/junaid/workspace/www/dmc-wp/wp-content/themes/dialmycalls/single.php on line 32
[17-Sep-2018 16:49:50 UTC] PHP Notice:  Use of undefined constant max_num_pages - assumed 'max_num_pages' in /Users/junaid/workspace/www/dmc-wp/wp-content/themes/dialmycalls/index.php on line 43
[17-Sep-2018 17:24:47 UTC] PHP Parse error:  syntax error, unexpected '?' in /home/junaida1/public_html/asifmajeed.com/projects/dmc/wp-content/themes/dialmycalls/functions.php on line 258
[17-Sep-2018 17:32:24 UTC] PHP Notice:  Undefined index: exists in /home/junaida1/public_html/asifmajeed.com/projects/dmc/wp-content/plugins/duplicator/ctrls/ctrl.tools.php on line 95
[17-Sep-2018 17:32:24 UTC] PHP Warning:  in_array() expects parameter 2 to be array, null given in /home/junaida1/public_html/asifmajeed.com/projects/dmc/wp-content/plugins/duplicator/ctrls/ctrl.tools.php on line 95
[09-Jul-2019 20:10:19 UTC] PHP Warning:  mysqli_real_connect(): (HY000/1045): Access denied for user 'junaida1_dmc'@'localhost' (using password: YES) in /home/junaida1/public_html/asifmajeed.com/projects/dmc/wp-includes/wp-db.php on line 1531
[09-Jul-2019 20:46:26 UTC] PHP Warning:  mysqli_real_connect(): (HY000/1045): Access denied for user 'junaida1_dmc'@'localhost' (using password: YES) in /home/junaida1/public_html/asifmajeed.com/projects/dmc/wp-includes/wp-db.php on line 1531
[09-Jul-2019 20:46:36 UTC] PHP Warning:  mysqli_real_connect(): (HY000/1045): Access denied for user 'junaida1_dmc'@'localhost' (using password: YES) in /home/junaida1/public_html/asifmajeed.com/projects/dmc/wp-includes/wp-db.php on line 1531
[09-Jul-2019 20:46:58 UTC] PHP Warning:  mysqli_real_connect(): (HY000/1045): Access denied for user 'junaida1_dmc'@'localhost' (using password: YES) in /home/junaida1/public_html/asifmajeed.com/projects/dmc/wp-includes/wp-db.php on line 1531
[09-Jul-2019 20:47:01 UTC] PHP Warning:  mysqli_real_connect(): (HY000/1045): Access denied for user 'junaida1_dmc'@'localhost' (using password: YES) in /home/junaida1/public_html/asifmajeed.com/projects/dmc/wp-includes/wp-db.php on line 1531
[09-Jul-2019 20:47:05 UTC] PHP Warning:  mysqli_real_connect(): (HY000/1045): Access denied for user 'junaida1_dmc'@'localhost' (using password: YES) in /home/junaida1/public_html/asifmajeed.com/projects/dmc/wp-includes/wp-db.php on line 1531
[09-Jul-2019 20:47:07 UTC] PHP Warning:  mysqli_real_connect(): (HY000/1045): Access denied for user 'junaida1_dmc'@'localhost' (using password: YES) in /home/junaida1/public_html/asifmajeed.com/projects/dmc/wp-includes/wp-db.php on line 1531
[09-Jul-2019 20:47:09 UTC] PHP Warning:  mysqli_real_connect(): (HY000/1045): Access denied for user 'junaida1_dmc'@'localhost' (using password: YES) in /home/junaida1/public_html/asifmajeed.com/projects/dmc/wp-includes/wp-db.php on line 1531
[09-Jul-2019 20:47:10 UTC] PHP Warning:  mysqli_real_connect(): (HY000/1045): Access denied for user 'junaida1_dmc'@'localhost' (using password: YES) in /home/junaida1/public_html/asifmajeed.com/projects/dmc/wp-includes/wp-db.php on line 1531
[09-Jul-2019 20:47:12 UTC] PHP Warning:  mysqli_real_connect(): (HY000/1045): Access denied for user 'junaida1_dmc'@'localhost' (using password: YES) in /home/junaida1/public_html/asifmajeed.com/projects/dmc/wp-includes/wp-db.php on line 1531
[09-Jul-2019 20:47:14 UTC] PHP Warning:  mysqli_real_connect(): (HY000/1045): Access denied for user 'junaida1_dmc'@'localhost' (using password: YES) in /home/junaida1/public_html/asifmajeed.com/projects/dmc/wp-includes/wp-db.php on line 1531
[09-Jul-2019 20:47:18 UTC] PHP Warning:  mysqli_real_connect(): (HY000/1045): Access denied for user 'junaida1_dmc'@'localhost' (using password: YES) in /home/junaida1/public_html/asifmajeed.com/projects/dmc/wp-includes/wp-db.php on line 1531
[09-Jul-2019 20:47:20 UTC] PHP Warning:  mysqli_real_connect(): (HY000/1045): Access denied for user 'junaida1_dmc'@'localhost' (using password: YES) in /home/junaida1/public_html/asifmajeed.com/projects/dmc/wp-includes/wp-db.php on line 1531
[09-Jul-2019 20:47:22 UTC] PHP Warning:  mysqli_real_connect(): (HY000/1045): Access denied for user 'junaida1_dmc'@'localhost' (using password: YES) in /home/junaida1/public_html/asifmajeed.com/projects/dmc/wp-includes/wp-db.php on line 1531
[09-Jul-2019 20:47:23 UTC] PHP Warning:  mysqli_real_connect(): (HY000/1045): Access denied for user 'junaida1_dmc'@'localhost' (using password: YES) in /home/junaida1/public_html/asifmajeed.com/projects/dmc/wp-includes/wp-db.php on line 1531
[09-Jul-2019 22:57:02 UTC] PHP Warning:  mysqli_real_connect(): (HY000/1045): Access denied for user 'junaida1_dmc'@'localhost' (using password: YES) in /home/junaida1/public_html/asifmajeed.com/projects/dmc/wp-includes/wp-db.php on line 1531
[09-Jul-2019 22:57:02 UTC] PHP Warning:  mysqli_real_connect(): (HY000/1045): Access denied for user 'junaida1_dmc'@'localhost' (using password: YES) in /home/junaida1/public_html/asifmajeed.com/projects/dmc/wp-includes/wp-db.php on line 1531
[09-Jul-2019 22:57:03 UTC] PHP Warning:  mysqli_real_connect(): (HY000/1045): Access denied for user 'junaida1_dmc'@'localhost' (using password: YES) in /home/junaida1/public_html/asifmajeed.com/projects/dmc/wp-includes/wp-db.php on line 1531
[09-Jul-2019 22:57:06 UTC] PHP Warning:  mysqli_real_connect(): (HY000/1045): Access denied for user 'junaida1_dmc'@'localhost' (using password: YES) in /home/junaida1/public_html/asifmajeed.com/projects/dmc/wp-includes/wp-db.php on line 1531
[09-Jul-2019 22:57:13 UTC] PHP Warning:  mysqli_real_connect(): (HY000/1045): Access denied for user 'junaida1_dmc'@'localhost' (using password: YES) in /home/junaida1/public_html/asifmajeed.com/projects/dmc/wp-includes/wp-db.php on line 1531
[09-Jul-2019 22:57:15 UTC] PHP Warning:  mysqli_real_connect(): (HY000/1045): Access denied for user 'junaida1_dmc'@'localhost' (using password: YES) in /home/junaida1/public_html/asifmajeed.com/projects/dmc/wp-includes/wp-db.php on line 1531
[09-Jul-2019 22:57:17 UTC] PHP Warning:  mysqli_real_connect(): (HY000/1045): Access denied for user 'junaida1_dmc'@'localhost' (using password: YES) in /home/junaida1/public_html/asifmajeed.com/projects/dmc/wp-includes/wp-db.php on line 1531
[09-Jul-2019 22:57:18 UTC] PHP Warning:  mysqli_real_connect(): (HY000/1045): Access denied for user 'junaida1_dmc'@'localhost' (using password: YES) in /home/junaida1/public_html/asifmajeed.com/projects/dmc/wp-includes/wp-db.php on line 1531
[09-Jul-2019 22:57:20 UTC] PHP Warning:  mysqli_real_connect(): (HY000/1045): Access denied for user 'junaida1_dmc'@'localhost' (using password: YES) in /home/junaida1/public_html/asifmajeed.com/projects/dmc/wp-includes/wp-db.php on line 1531
[09-Jul-2019 22:57:25 UTC] PHP Warning:  mysqli_real_connect(): (HY000/1045): Access denied for user 'junaida1_dmc'@'localhost' (using password: YES) in /home/junaida1/public_html/asifmajeed.com/projects/dmc/wp-includes/wp-db.php on line 1531
[09-Jul-2019 22:57:27 UTC] PHP Warning:  mysqli_real_connect(): (HY000/1045): Access denied for user 'junaida1_dmc'@'localhost' (using password: YES) in /home/junaida1/public_html/asifmajeed.com/projects/dmc/wp-includes/wp-db.php on line 1531
[09-Jul-2019 22:57:34 UTC] PHP Warning:  mysqli_real_connect(): (HY000/1045): Access denied for user 'junaida1_dmc'@'localhost' (using password: YES) in /home/junaida1/public_html/asifmajeed.com/projects/dmc/wp-includes/wp-db.php on line 1531
[09-Jul-2019 22:57:36 UTC] PHP Warning:  mysqli_real_connect(): (HY000/1045): Access denied for user 'junaida1_dmc'@'localhost' (using password: YES) in /home/junaida1/public_html/asifmajeed.com/projects/dmc/wp-includes/wp-db.php on line 1531
[09-Jul-2019 22:57:38 UTC] PHP Warning:  mysqli_real_connect(): (HY000/1045): Access denied for user 'junaida1_dmc'@'localhost' (using password: YES) in /home/junaida1/public_html/asifmajeed.com/projects/dmc/wp-includes/wp-db.php on line 1531
[09-Jul-2019 22:57:39 UTC] PHP Warning:  mysqli_real_connect(): (HY000/1045): Access denied for user 'junaida1_dmc'@'localhost' (using password: YES) in /home/junaida1/public_html/asifmajeed.com/projects/dmc/wp-includes/wp-db.php on line 1531
[09-Jul-2019 22:57:41 UTC] PHP Warning:  mysqli_real_connect(): (HY000/1045): Access denied for user 'junaida1_dmc'@'localhost' (using password: YES) in /home/junaida1/public_html/asifmajeed.com/projects/dmc/wp-includes/wp-db.php on line 1531
[09-Jul-2019 22:57:43 UTC] PHP Warning:  mysqli_real_connect(): (HY000/1045): Access denied for user 'junaida1_dmc'@'localhost' (using password: YES) in /home/junaida1/public_html/asifmajeed.com/projects/dmc/wp-includes/wp-db.php on line 1531
[09-Jul-2019 22:57:44 UTC] PHP Warning:  mysqli_real_connect(): (HY000/1045): Access denied for user 'junaida1_dmc'@'localhost' (using password: YES) in /home/junaida1/public_html/asifmajeed.com/projects/dmc/wp-includes/wp-db.php on line 1531
[09-Jul-2019 22:57:47 UTC] PHP Warning:  mysqli_real_connect(): (HY000/1045): Access denied for user 'junaida1_dmc'@'localhost' (using password: YES) in /home/junaida1/public_html/asifmajeed.com/projects/dmc/wp-includes/wp-db.php on line 1531
[09-Jul-2019 22:57:50 UTC] PHP Warning:  mysqli_real_connect(): (HY000/1045): Access denied for user 'junaida1_dmc'@'localhost' (using password: YES) in /home/junaida1/public_html/asifmajeed.com/projects/dmc/wp-includes/wp-db.php on line 1531
[09-Jul-2019 22:57:52 UTC] PHP Warning:  mysqli_real_connect(): (HY000/1045): Access denied for user 'junaida1_dmc'@'localhost' (using password: YES) in /home/junaida1/public_html/asifmajeed.com/projects/dmc/wp-includes/wp-db.php on line 1531
[09-Jul-2019 22:57:56 UTC] PHP Warning:  mysqli_real_connect(): (HY000/1045): Access denied for user 'junaida1_dmc'@'localhost' (using password: YES) in /home/junaida1/public_html/asifmajeed.com/projects/dmc/wp-includes/wp-db.php on line 1531
[09-Jul-2019 22:58:01 UTC] PHP Warning:  mysqli_real_connect(): (HY000/1045): Access denied for user 'junaida1_dmc'@'localhost' (using password: YES) in /home/junaida1/public_html/asifmajeed.com/projects/dmc/wp-includes/wp-db.php on line 1531
[09-Jul-2019 22:58:02 UTC] PHP Warning:  mysqli_real_connect(): (HY000/1045): Access denied for user 'junaida1_dmc'@'localhost' (using password: YES) in /home/junaida1/public_html/asifmajeed.com/projects/dmc/wp-includes/wp-db.php on line 1531
[09-Jul-2019 22:58:04 UTC] PHP Warning:  mysqli_real_connect(): (HY000/1045): Access denied for user 'junaida1_dmc'@'localhost' (using password: YES) in /home/junaida1/public_html/asifmajeed.com/projects/dmc/wp-includes/wp-db.php on line 1531
[09-Jul-2019 22:58:14 UTC] PHP Warning:  mysqli_real_connect(): (HY000/1045): Access denied for user 'junaida1_dmc'@'localhost' (using password: YES) in /home/junaida1/public_html/asifmajeed.com/projects/dmc/wp-includes/wp-db.php on line 1531
[09-Jul-2019 22:58:18 UTC] PHP Warning:  mysqli_real_connect(): (HY000/1045): Access denied for user 'junaida1_dmc'@'localhost' (using password: YES) in /home/junaida1/public_html/asifmajeed.com/projects/dmc/wp-includes/wp-db.php on line 1531
[09-Jul-2019 22:58:20 UTC] PHP Warning:  mysqli_real_connect(): (HY000/1045): Access denied for user 'junaida1_dmc'@'localhost' (using password: YES) in /home/junaida1/public_html/asifmajeed.com/projects/dmc/wp-includes/wp-db.php on line 1531
[09-Jul-2019 22:58:22 UTC] PHP Warning:  mysqli_real_connect(): (HY000/1045): Access denied for user 'junaida1_dmc'@'localhost' (using password: YES) in /home/junaida1/public_html/asifmajeed.com/projects/dmc/wp-includes/wp-db.php on line 1531
[09-Jul-2019 22:58:24 UTC] PHP Warning:  mysqli_real_connect(): (HY000/1045): Access denied for user 'junaida1_dmc'@'localhost' (using password: YES) in /home/junaida1/public_html/asifmajeed.com/projects/dmc/wp-includes/wp-db.php on line 1531
[09-Jul-2019 22:58:26 UTC] PHP Warning:  mysqli_real_connect(): (HY000/1045): Access denied for user 'junaida1_dmc'@'localhost' (using password: YES) in /home/junaida1/public_html/asifmajeed.com/projects/dmc/wp-includes/wp-db.php on line 1531
[09-Jul-2019 22:58:27 UTC] PHP Warning:  mysqli_real_connect(): (HY000/1045): Access denied for user 'junaida1_dmc'@'localhost' (using password: YES) in /home/junaida1/public_html/asifmajeed.com/projects/dmc/wp-includes/wp-db.php on line 1531
[09-Jul-2019 22:58:29 UTC] PHP Warning:  mysqli_real_connect(): (HY000/1045): Access denied for user 'junaida1_dmc'@'localhost' (using password: YES) in /home/junaida1/public_html/asifmajeed.com/projects/dmc/wp-includes/wp-db.php on line 1531
[09-Jul-2019 22:58:31 UTC] PHP Warning:  mysqli_real_connect(): (HY000/1045): Access denied for user 'junaida1_dmc'@'localhost' (using password: YES) in /home/junaida1/public_html/asifmajeed.com/projects/dmc/wp-includes/wp-db.php on line 1531
[09-Jul-2019 22:58:33 UTC] PHP Warning:  mysqli_real_connect(): (HY000/1045): Access denied for user 'junaida1_dmc'@'localhost' (using password: YES) in /home/junaida1/public_html/asifmajeed.com/projects/dmc/wp-includes/wp-db.php on line 1531
[09-Jul-2019 22:58:35 UTC] PHP Warning:  mysqli_real_connect(): (HY000/1045): Access denied for user 'junaida1_dmc'@'localhost' (using password: YES) in /home/junaida1/public_html/asifmajeed.com/projects/dmc/wp-includes/wp-db.php on line 1531
[09-Jul-2019 22:58:36 UTC] PHP Warning:  mysqli_real_connect(): (HY000/1045): Access denied for user 'junaida1_dmc'@'localhost' (using password: YES) in /home/junaida1/public_html/asifmajeed.com/projects/dmc/wp-includes/wp-db.php on line 1531
[09-Jul-2019 22:58:38 UTC] PHP Warning:  mysqli_real_connect(): (HY000/1045): Access denied for user 'junaida1_dmc'@'localhost' (using password: YES) in /home/junaida1/public_html/asifmajeed.com/projects/dmc/wp-includes/wp-db.php on line 1531
[09-Jul-2019 22:58:40 UTC] PHP Warning:  mysqli_real_connect(): (HY000/1045): Access denied for user 'junaida1_dmc'@'localhost' (using password: YES) in /home/junaida1/public_html/asifmajeed.com/projects/dmc/wp-includes/wp-db.php on line 1531
[09-Jul-2019 22:58:43 UTC] PHP Warning:  mysqli_real_connect(): (HY000/1045): Access denied for user 'junaida1_dmc'@'localhost' (using password: YES) in /home/junaida1/public_html/asifmajeed.com/projects/dmc/wp-includes/wp-db.php on line 1531
[09-Jul-2019 22:58:45 UTC] PHP Warning:  mysqli_real_connect(): (HY000/1045): Access denied for user 'junaida1_dmc'@'localhost' (using password: YES) in /home/junaida1/public_html/asifmajeed.com/projects/dmc/wp-includes/wp-db.php on line 1531
[09-Jul-2019 22:58:47 UTC] PHP Warning:  mysqli_real_connect(): (HY000/1045): Access denied for user 'junaida1_dmc'@'localhost' (using password: YES) in /home/junaida1/public_html/asifmajeed.com/projects/dmc/wp-includes/wp-db.php on line 1531
[09-Jul-2019 22:58:48 UTC] PHP Warning:  mysqli_real_connect(): (HY000/1045): Access denied for user 'junaida1_dmc'@'localhost' (using password: YES) in /home/junaida1/public_html/asifmajeed.com/projects/dmc/wp-includes/wp-db.php on line 1531
[09-Jul-2019 22:58:50 UTC] PHP Warning:  mysqli_real_connect(): (HY000/1045): Access denied for user 'junaida1_dmc'@'localhost' (using password: YES) in /home/junaida1/public_html/asifmajeed.com/projects/dmc/wp-includes/wp-db.php on line 1531
[09-Jul-2019 22:58:52 UTC] PHP Warning:  mysqli_real_connect(): (HY000/1045): Access denied for user 'junaida1_dmc'@'localhost' (using password: YES) in /home/junaida1/public_html/asifmajeed.com/projects/dmc/wp-includes/wp-db.php on line 1531
[09-Jul-2019 22:58:54 UTC] PHP Warning:  mysqli_real_connect(): (HY000/1045): Access denied for user 'junaida1_dmc'@'localhost' (using password: YES) in /home/junaida1/public_html/asifmajeed.com/projects/dmc/wp-includes/wp-db.php on line 1531
[09-Jul-2019 22:58:55 UTC] PHP Warning:  mysqli_real_connect(): (HY000/1045): Access denied for user 'junaida1_dmc'@'localhost' (using password: YES) in /home/junaida1/public_html/asifmajeed.com/projects/dmc/wp-includes/wp-db.php on line 1531
[09-Jul-2019 22:58:57 UTC] PHP Warning:  mysqli_real_connect(): (HY000/1045): Access denied for user 'junaida1_dmc'@'localhost' (using password: YES) in /home/junaida1/public_html/asifmajeed.com/projects/dmc/wp-includes/wp-db.php on line 1531
[09-Jul-2019 22:58:59 UTC] PHP Warning:  mysqli_real_connect(): (HY000/1045): Access denied for user 'junaida1_dmc'@'localhost' (using password: YES) in /home/junaida1/public_html/asifmajeed.com/projects/dmc/wp-includes/wp-db.php on line 1531
[09-Jul-2019 22:59:00 UTC] PHP Warning:  mysqli_real_connect(): (HY000/1045): Access denied for user 'junaida1_dmc'@'localhost' (using password: YES) in /home/junaida1/public_html/asifmajeed.com/projects/dmc/wp-includes/wp-db.php on line 1531
[09-Jul-2019 22:59:02 UTC] PHP Warning:  mysqli_real_connect(): (HY000/1045): Access denied for user 'junaida1_dmc'@'localhost' (using password: YES) in /home/junaida1/public_html/asifmajeed.com/projects/dmc/wp-includes/wp-db.php on line 1531
[09-Jul-2019 22:59:03 UTC] PHP Warning:  mysqli_real_connect(): (HY000/1045): Access denied for user 'junaida1_dmc'@'localhost' (using password: YES) in /home/junaida1/public_html/asifmajeed.com/projects/dmc/wp-includes/wp-db.php on line 1531
[09-Jul-2019 22:59:05 UTC] PHP Warning:  mysqli_real_connect(): (HY000/1045): Access denied for user 'junaida1_dmc'@'localhost' (using password: YES) in /home/junaida1/public_html/asifmajeed.com/projects/dmc/wp-includes/wp-db.php on line 1531
[09-Jul-2019 22:59:09 UTC] PHP Warning:  mysqli_real_connect(): (HY000/1045): Access denied for user 'junaida1_dmc'@'localhost' (using password: YES) in /home/junaida1/public_html/asifmajeed.com/projects/dmc/wp-includes/wp-db.php on line 1531
[09-Jul-2019 22:59:11 UTC] PHP Warning:  mysqli_real_connect(): (HY000/1045): Access denied for user 'junaida1_dmc'@'localhost' (using password: YES) in /home/junaida1/public_html/asifmajeed.com/projects/dmc/wp-includes/wp-db.php on line 1531
[09-Jul-2019 22:59:13 UTC] PHP Warning:  mysqli_real_connect(): (HY000/1045): Access denied for user 'junaida1_dmc'@'localhost' (using password: YES) in /home/junaida1/public_html/asifmajeed.com/projects/dmc/wp-includes/wp-db.php on line 1531
[09-Jul-2019 22:59:14 UTC] PHP Warning:  mysqli_real_connect(): (HY000/1045): Access denied for user 'junaida1_dmc'@'localhost' (using password: YES) in /home/junaida1/public_html/asifmajeed.com/projects/dmc/wp-includes/wp-db.php on line 1531
[09-Jul-2019 22:59:16 UTC] PHP Warning:  mysqli_real_connect(): (HY000/1045): Access denied for user 'junaida1_dmc'@'localhost' (using password: YES) in /home/junaida1/public_html/asifmajeed.com/projects/dmc/wp-includes/wp-db.php on line 1531
[09-Jul-2019 22:59:18 UTC] PHP Warning:  mysqli_real_connect(): (HY000/1045): Access denied for user 'junaida1_dmc'@'localhost' (using password: YES) in /home/junaida1/public_html/asifmajeed.com/projects/dmc/wp-includes/wp-db.php on line 1531
[09-Jul-2019 22:59:19 UTC] PHP Warning:  mysqli_real_connect(): (HY000/1045): Access denied for user 'junaida1_dmc'@'localhost' (using password: YES) in /home/junaida1/public_html/asifmajeed.com/projects/dmc/wp-includes/wp-db.php on line 1531
[09-Jul-2019 22:59:23 UTC] PHP Warning:  mysqli_real_connect(): (HY000/1045): Access denied for user 'junaida1_dmc'@'localhost' (using password: YES) in /home/junaida1/public_html/asifmajeed.com/projects/dmc/wp-includes/wp-db.php on line 1531
[09-Jul-2019 22:59:25 UTC] PHP Warning:  mysqli_real_connect(): (HY000/1045): Access denied for user 'junaida1_dmc'@'localhost' (using password: YES) in /home/junaida1/public_html/asifmajeed.com/projects/dmc/wp-includes/wp-db.php on line 1531
[09-Jul-2019 22:59:27 UTC] PHP Warning:  mysqli_real_connect(): (HY000/1045): Access denied for user 'junaida1_dmc'@'localhost' (using password: YES) in /home/junaida1/public_html/asifmajeed.com/projects/dmc/wp-includes/wp-db.php on line 1531
[09-Jul-2019 22:59:28 UTC] PHP Warning:  mysqli_real_connect(): (HY000/1045): Access denied for user 'junaida1_dmc'@'localhost' (using password: YES) in /home/junaida1/public_html/asifmajeed.com/projects/dmc/wp-includes/wp-db.php on line 1531
[09-Jul-2019 22:59:30 UTC] PHP Warning:  mysqli_real_connect(): (HY000/1045): Access denied for user 'junaida1_dmc'@'localhost' (using password: YES) in /home/junaida1/public_html/asifmajeed.com/projects/dmc/wp-includes/wp-db.php on line 1531
[09-Jul-2019 22:59:32 UTC] PHP Warning:  mysqli_real_connect(): (HY000/1045): Access denied for user 'junaida1_dmc'@'localhost' (using password: YES) in /home/junaida1/public_html/asifmajeed.com/projects/dmc/wp-includes/wp-db.php on line 1531
[09-Jul-2019 22:59:33 UTC] PHP Warning:  mysqli_real_connect(): (HY000/1045): Access denied for user 'junaida1_dmc'@'localhost' (using password: YES) in /home/junaida1/public_html/asifmajeed.com/projects/dmc/wp-includes/wp-db.php on line 1531
